<?xml version="1.0" encoding="UTF-8"?>
<!-- Generated by org.testng.reporters.JUnitReportReporter -->
<testsuite hostname="TABLET-O79OGG1F" failures="0" tests="1" name="com.intbanking.testCases.TC_LoginTest_001" time="1.990" errors="0" timestamp="2022-06-08T12:28:47 EDT" skipped="0">
  <testcase classname="com.intbanking.testCases.TC_LoginTest_001" name="loginTest" time="1.990"/>
  <system-out/>
</testsuite> <!-- com.intbanking.testCases.TC_LoginTest_001 -->
